{
  "stats": {
    "suites": 1,
    "tests": 1,
    "passes": 1,
    "pending": 0,
    "failures": 0,
    "start": "2026-06-15T23:55:48.076Z",
    "end": "2026-06-15T23:55:51.517Z",
    "duration": 3441,
    "testsRegistered": 1,
    "passPercent": 100,
    "pendingPercent": 0,
    "other": 0,
    "hasOther": false,
    "skipped": 0,
    "hasSkipped": false
  },
  "results": [
    {
      "uuid": "1e00fe2a-b5e6-45c9-9cfb-8c660e400752",
      "title": "",
      "fullFile": "cypress\\e2e\\ejercicio3.cy.js",
      "file": "cypress\\e2e\\ejercicio3.cy.js",
      "beforeHooks": [],
      "afterHooks": [],
      "tests": [],
      "suites": [
        {
          "uuid": "ece1fcfc-c086-4f33-b6ea-015118e8ab10",
          "title": "Ejercicio 3 - Checkboxes",
          "fullFile": "",
          "file": "",
          "beforeHooks": [],
          "afterHooks": [],
          "tests": [
            {
              "title": "Debe seleccionar los checkboxes",
              "fullTitle": "Ejercicio 3 - Checkboxes Debe seleccionar los checkboxes",
              "timedOut": null,
              "duration": 1494,
              "state": "passed",
              "speed": "fast",
              "pass": true,
              "fail": false,
              "pending": false,
              "context": null,
              "code": "cy.visit('https://example.cypress.io/commands/actions');\ncy.get('.action-checkboxes [type=\"checkbox\"]').first().check();\ncy.get('.action-checkboxes [type=\"checkbox\"]').first().should('be.checked');",
              "err": {},
              "uuid": "9756d773-a9e9-402d-9a8e-b083cdaabde0",
              "parentUUID": "ece1fcfc-c086-4f33-b6ea-015118e8ab10",
              "isHook": false,
              "skipped": false
            }
          ],
          "suites": [],
          "passes": [
            "9756d773-a9e9-402d-9a8e-b083cdaabde0"
          ],
          "failures": [],
          "pending": [],
          "skipped": [],
          "duration": 1494,
          "root": false,
          "rootEmpty": false,
          "_timeout": 2000
        }
      ],
      "passes": [],
      "failures": [],
      "pending": [],
      "skipped": [],
      "duration": 0,
      "root": true,
      "rootEmpty": true,
      "_timeout": 2000
    }
  ],
  "meta": {
    "mocha": {
      "version": "7.2.0"
    },
    "mochawesome": {
      "options": {
        "quiet": false,
        "reportFilename": "mochawesome",
        "saveHtml": true,
        "saveJson": true,
        "consoleReporter": "spec",
        "useInlineDiffs": false,
        "code": true
      },
      "version": "7.1.4"
    },
    "marge": {
      "options": {
        "reportDir": "cypress/reports",
        "overwrite": false,
        "html": true,
        "json": true
      },
      "version": "6.3.2"
    }
  }
}