{
  "stats": {
    "suites": 1,
    "tests": 1,
    "passes": 1,
    "pending": 0,
    "failures": 0,
    "start": "2026-06-15T23:55:32.044Z",
    "end": "2026-06-15T23:55:37.969Z",
    "duration": 5925,
    "testsRegistered": 1,
    "passPercent": 100,
    "pendingPercent": 0,
    "other": 0,
    "hasOther": false,
    "skipped": 0,
    "hasSkipped": false
  },
  "results": [
    {
      "uuid": "9c4e968c-5325-4d4b-ae6f-2531c4ab7324",
      "title": "",
      "fullFile": "cypress\\e2e\\ejercicio1.cy.js",
      "file": "cypress\\e2e\\ejercicio1.cy.js",
      "beforeHooks": [],
      "afterHooks": [],
      "tests": [],
      "suites": [
        {
          "uuid": "680588b6-497c-486f-956d-f60679298607",
          "title": "Ejercicio 1 - Página principal de Cypress",
          "fullFile": "",
          "file": "",
          "beforeHooks": [],
          "afterHooks": [],
          "tests": [
            {
              "title": "Debe visitar la página principal y validar elementos visibles",
              "fullTitle": "Ejercicio 1 - Página principal de Cypress Debe visitar la página principal y validar elementos visibles",
              "timedOut": null,
              "duration": 2453,
              "state": "passed",
              "speed": "fast",
              "pass": true,
              "fail": false,
              "pending": false,
              "context": null,
              "code": "cy.visit('https://example.cypress.io');\ncy.contains('Kitchen Sink').should('be.visible');\ncy.contains('type').should('exist');",
              "err": {},
              "uuid": "107dea4f-d4ba-417b-b688-c12a28865836",
              "parentUUID": "680588b6-497c-486f-956d-f60679298607",
              "isHook": false,
              "skipped": false
            }
          ],
          "suites": [],
          "passes": [
            "107dea4f-d4ba-417b-b688-c12a28865836"
          ],
          "failures": [],
          "pending": [],
          "skipped": [],
          "duration": 2453,
          "root": false,
          "rootEmpty": false,
          "_timeout": 2000
        }
      ],
      "passes": [],
      "failures": [],
      "pending": [],
      "skipped": [],
      "duration": 0,
      "root": true,
      "rootEmpty": true,
      "_timeout": 2000
    }
  ],
  "meta": {
    "mocha": {
      "version": "7.2.0"
    },
    "mochawesome": {
      "options": {
        "quiet": false,
        "reportFilename": "mochawesome",
        "saveHtml": true,
        "saveJson": true,
        "consoleReporter": "spec",
        "useInlineDiffs": false,
        "code": true
      },
      "version": "7.1.4"
    },
    "marge": {
      "options": {
        "reportDir": "cypress/reports",
        "overwrite": false,
        "html": true,
        "json": true
      },
      "version": "6.3.2"
    }
  }
}