{
  "stats": {
    "suites": 1,
    "tests": 1,
    "passes": 1,
    "pending": 0,
    "failures": 0,
    "start": "2026-06-15T23:55:53.701Z",
    "end": "2026-06-15T23:55:54.628Z",
    "duration": 927,
    "testsRegistered": 1,
    "passPercent": 100,
    "pendingPercent": 0,
    "other": 0,
    "hasOther": false,
    "skipped": 0,
    "hasSkipped": false
  },
  "results": [
    {
      "uuid": "e2ae3c26-245e-4c01-91f2-d2e3b634d1f4",
      "title": "",
      "fullFile": "cypress\\e2e\\ejercicio4.cy.js",
      "file": "cypress\\e2e\\ejercicio4.cy.js",
      "beforeHooks": [],
      "afterHooks": [],
      "tests": [],
      "suites": [
        {
          "uuid": "95f42e26-52ff-4b0a-bc0c-c07a603816f6",
          "title": "Ejercicio 4 - Prueba de API",
          "fullFile": "",
          "file": "",
          "beforeHooks": [],
          "afterHooks": [],
          "tests": [
            {
              "title": "Debe validar el GET de la lista de usuarios",
              "fullTitle": "Ejercicio 4 - Prueba de API Debe validar el GET de la lista de usuarios",
              "timedOut": null,
              "duration": 859,
              "state": "passed",
              "speed": "fast",
              "pass": true,
              "fail": false,
              "pending": false,
              "context": null,
              "code": "cy.request('GET', 'https://jsonplaceholder.typicode.com/users').then(response => {\n  expect(response.status).to.eq(200);\n  expect(response.body).to.have.length(10);\n  expect(response.body[0]).to.have.property('name');\n});",
              "err": {},
              "uuid": "92399314-da05-4505-a978-c0ef32668454",
              "parentUUID": "95f42e26-52ff-4b0a-bc0c-c07a603816f6",
              "isHook": false,
              "skipped": false
            }
          ],
          "suites": [],
          "passes": [
            "92399314-da05-4505-a978-c0ef32668454"
          ],
          "failures": [],
          "pending": [],
          "skipped": [],
          "duration": 859,
          "root": false,
          "rootEmpty": false,
          "_timeout": 2000
        }
      ],
      "passes": [],
      "failures": [],
      "pending": [],
      "skipped": [],
      "duration": 0,
      "root": true,
      "rootEmpty": true,
      "_timeout": 2000
    }
  ],
  "meta": {
    "mocha": {
      "version": "7.2.0"
    },
    "mochawesome": {
      "options": {
        "quiet": false,
        "reportFilename": "mochawesome",
        "saveHtml": true,
        "saveJson": true,
        "consoleReporter": "spec",
        "useInlineDiffs": false,
        "code": true
      },
      "version": "7.1.4"
    },
    "marge": {
      "options": {
        "reportDir": "cypress/reports",
        "overwrite": false,
        "html": true,
        "json": true
      },
      "version": "6.3.2"
    }
  }
}