{
  "stats": {
    "suites": 1,
    "tests": 1,
    "passes": 1,
    "pending": 0,
    "failures": 0,
    "start": "2026-06-15T23:55:40.607Z",
    "end": "2026-06-15T23:55:45.811Z",
    "duration": 5204,
    "testsRegistered": 1,
    "passPercent": 100,
    "pendingPercent": 0,
    "other": 0,
    "hasOther": false,
    "skipped": 0,
    "hasSkipped": false
  },
  "results": [
    {
      "uuid": "1f9d5473-320b-4688-aa71-c0557e53a592",
      "title": "",
      "fullFile": "cypress\\e2e\\ejercicio2.cy.js",
      "file": "cypress\\e2e\\ejercicio2.cy.js",
      "beforeHooks": [],
      "afterHooks": [],
      "tests": [],
      "suites": [
        {
          "uuid": "87b5118e-1818-4a1b-8e79-501443a17539",
          "title": "Ejercicio 2 - Escribir en un campo de texto",
          "fullFile": "",
          "file": "",
          "beforeHooks": [],
          "afterHooks": [],
          "tests": [
            {
              "title": "Debe escribir un correo en el campo email",
              "fullTitle": "Ejercicio 2 - Escribir en un campo de texto Debe escribir un correo en el campo email",
              "timedOut": null,
              "duration": 2695,
              "state": "passed",
              "speed": "fast",
              "pass": true,
              "fail": false,
              "pending": false,
              "context": null,
              "code": "cy.visit('https://example.cypress.io/commands/actions');\ncy.get('.action-email').type('melvacb23@gmail.com').should('have.value', 'melvacb23@gmail.com');",
              "err": {},
              "uuid": "4f8defd9-3698-4f1b-bf2e-97893bb9dacd",
              "parentUUID": "87b5118e-1818-4a1b-8e79-501443a17539",
              "isHook": false,
              "skipped": false
            }
          ],
          "suites": [],
          "passes": [
            "4f8defd9-3698-4f1b-bf2e-97893bb9dacd"
          ],
          "failures": [],
          "pending": [],
          "skipped": [],
          "duration": 2695,
          "root": false,
          "rootEmpty": false,
          "_timeout": 2000
        }
      ],
      "passes": [],
      "failures": [],
      "pending": [],
      "skipped": [],
      "duration": 0,
      "root": true,
      "rootEmpty": true,
      "_timeout": 2000
    }
  ],
  "meta": {
    "mocha": {
      "version": "7.2.0"
    },
    "mochawesome": {
      "options": {
        "quiet": false,
        "reportFilename": "mochawesome",
        "saveHtml": true,
        "saveJson": true,
        "consoleReporter": "spec",
        "useInlineDiffs": false,
        "code": true
      },
      "version": "7.1.4"
    },
    "marge": {
      "options": {
        "reportDir": "cypress/reports",
        "overwrite": false,
        "html": true,
        "json": true
      },
      "version": "6.3.2"
    }
  }
}