{
  "stats": {
    "suites": 1,
    "tests": 1,
    "passes": 1,
    "pending": 0,
    "failures": 0,
    "start": "2026-06-15T23:55:56.684Z",
    "end": "2026-06-15T23:56:00.991Z",
    "duration": 4307,
    "testsRegistered": 1,
    "passPercent": 100,
    "pendingPercent": 0,
    "other": 0,
    "hasOther": false,
    "skipped": 0,
    "hasSkipped": false
  },
  "results": [
    {
      "uuid": "4b10d592-deb2-4a46-8189-5aeb7d6e87a4",
      "title": "",
      "fullFile": "cypress\\e2e\\ejercicio5.cy.js",
      "file": "cypress\\e2e\\ejercicio5.cy.js",
      "beforeHooks": [],
      "afterHooks": [],
      "tests": [],
      "suites": [
        {
          "uuid": "c46ce1cc-7dbc-4d91-aebe-b914d3b0e06d",
          "title": "Ejercicio 5 - Formulario",
          "fullFile": "",
          "file": "",
          "beforeHooks": [],
          "afterHooks": [],
          "tests": [
            {
              "title": "Debe diligenciar y enviar un formulario",
              "fullTitle": "Ejercicio 5 - Formulario Debe diligenciar y enviar un formulario",
              "timedOut": null,
              "duration": 2355,
              "state": "passed",
              "speed": "fast",
              "pass": true,
              "fail": false,
              "pending": false,
              "context": null,
              "code": "cy.visit('https://example.cypress.io/commands/actions');\ncy.get('.action-email').type('melvacb23@gmail.com').should('have.value', 'melvacb23@gmail.com');\ncy.get('.action-disabled').should('be.disabled');\ncy.contains('h1', 'Actions').should('be.visible');",
              "err": {},
              "uuid": "b5e662f7-7224-4dc7-884b-dba4944da874",
              "parentUUID": "c46ce1cc-7dbc-4d91-aebe-b914d3b0e06d",
              "isHook": false,
              "skipped": false
            }
          ],
          "suites": [],
          "passes": [
            "b5e662f7-7224-4dc7-884b-dba4944da874"
          ],
          "failures": [],
          "pending": [],
          "skipped": [],
          "duration": 2355,
          "root": false,
          "rootEmpty": false,
          "_timeout": 2000
        }
      ],
      "passes": [],
      "failures": [],
      "pending": [],
      "skipped": [],
      "duration": 0,
      "root": true,
      "rootEmpty": true,
      "_timeout": 2000
    }
  ],
  "meta": {
    "mocha": {
      "version": "7.2.0"
    },
    "mochawesome": {
      "options": {
        "quiet": false,
        "reportFilename": "mochawesome",
        "saveHtml": true,
        "saveJson": true,
        "consoleReporter": "spec",
        "useInlineDiffs": false,
        "code": true
      },
      "version": "7.1.4"
    },
    "marge": {
      "options": {
        "reportDir": "cypress/reports",
        "overwrite": false,
        "html": true,
        "json": true
      },
      "version": "6.3.2"
    }
  }
}